Drill report for single.kicad_pcb
Created on 2024-07-27T10:50:30+1000

Copper Layer Stackup:
    =============================================================
    L1 :  F.Cu                      front
    L2 :  B.Cu                      back


Drill file 'single.drl' contains
    plated through holes:
    =============================================================
    T1  0.400mm  0.0157"  (28 holes)
    T2  0.900mm  0.0354"  (10 holes)
    T3  0.950mm  0.0374"  (3 holes)
    T4  1.000mm  0.0394"  (2 holes)
    T5  1.100mm  0.0433"  (4 holes)

    Total plated holes count 47


Not plated through holes are merged with plated holes
    unplated through holes:
    =============================================================
    T6  3.200mm  0.1260"  (4 holes)

    Total unplated holes count 4
